#
# There is insufficient memory for the Java Runtime Environment to continue.
# Native memory allocation (mmap) failed to map 127926272 bytes for G1 virtual space
# Possible reasons:
#   The system is out of physical RAM or swap space
#   The process is running with CompressedOops enabled, and the Java Heap may be blocking the growth of the native heap
# Possible solutions:
#   Reduce memory load on the system
#   Increase physical memory or swap space
#   Check if swap backing store is full
#   Decrease Java heap size (-Xmx/-Xms)
#   Decrease number of Java threads
#   Decrease Java thread stack sizes (-Xss)
#   Set larger code cache with -XX:ReservedCodeCacheSize=
#   JVM is running with Unscaled Compressed Oops mode in which the Java heap is
#     placed in the first 4GB address space. The Java Heap base address is the
#     maximum limit for the native heap growth. Please use -XX:HeapBaseMinAddress
#     to set the Java Heap base and to place the Java Heap above 4GB virtual address.
# This output file may be truncated or incomplete.
#
#  Out of Memory Error (os_windows.cpp:3528), pid=25388, tid=22800
#
# JRE version:  (20.0.1+9) (build )
# Java VM: Java HotSpot(TM) 64-Bit Server VM (20.0.1+9-29, mixed mode, sharing, tiered, compressed oops, compressed class ptrs, g1 gc, windows-amd64)
# No core dump will be written. Minidumps are not enabled by default on client versions of Windows
#

---------------  S U M M A R Y ------------

Command Line: -Dfile.encoding=UTF-8 --module-path=C:\Users\Lenovo\Documents\NetBeansProjects\Bank Managemant System\build\classes bank.managemant.system.SignupThree

Host: AMD Ryzen 5 2500U with Radeon Vega Mobile Gfx  , 8 cores, 7G,  Windows 10 , 64 bit Build 19041 (10.0.19041.3155)
Time: Wed Aug 23 11:57:01 2023 India Standard Time elapsed time: 0.094201 seconds (0d 0h 0m 0s)

---------------  T H R E A D  ---------------

Current thread (0x000001892da58710):  JavaThread "Unknown thread" [_thread_in_vm, id=22800, stack(0x0000008552600000,0x0000008552700000)]

Stack: [0x0000008552600000,0x0000008552700000]
Native frames: (J=compiled Java code, j=interpreted, Vv=VM code, C=native code)
V  [jvm.dll+0x6bb95a]
V  [jvm.dll+0x8485fa]
V  [jvm.dll+0x84a1f5]
V  [jvm.dll+0x84a8f3]
V  [jvm.dll+0x280b0f]
V  [jvm.dll+0x6b86e9]
V  [jvm.dll+0x6ad2da]
V  [jvm.dll+0x35adf5]
V  [jvm.dll+0x363016]
V  [jvm.dll+0x3b3b3e]
V  [jvm.dll+0x3b3dc5]
V  [jvm.dll+0x32b50a]
V  [jvm.dll+0x32c32b]
V  [jvm.dll+0x8112bf]
V  [jvm.dll+0x3c0d91]
V  [jvm.dll+0x7fcfe3]
V  [jvm.dll+0x44c76f]
V  [jvm.dll+0x44e0e1]
C  [jli.dll+0x5287]
C  [ucrtbase.dll+0x21bb2]
C  [KERNEL32.DLL+0x17614]
C  [ntdll.dll+0x526b1]


---------------  P R O C E S S  ---------------

Threads class SMR info:
_java_thread_list=0x00007ffbb734a098, length=0, elements={
}

Java Threads: ( => current thread )

Other Threads:
  0x000001892dab8100 WorkerThread "GC Thread#0" [stack: 0x0000008552700000,0x0000008552800000] [id=23284]
  0x000001892dac9290 ConcurrentGCThread "G1 Main Marker" [stack: 0x0000008552800000,0x0000008552900000] [id=19728]
  0x000001892daca370 WorkerThread "G1 Conc#0" [stack: 0x0000008552900000,0x0000008552a00000] [id=19504]

[error occurred during error reporting (printing all threads), id 0xc0000005, EXCEPTION_ACCESS_VIOLATION (0xc0000005) at pc=0x00007ffbb6b2eb47]
VM state: not at safepoint (not fully initialized)

VM Mutex/Monitor currently owned by a thread:  ([mutex/lock_event])
[0x000001892da54600] Heap_lock - owner thread: 0x000001892da58710

Heap address: 0x0000000087200000, size: 1934 MB, Compressed Oops mode: 32-bit

CDS archive(s) mapped at: [0x0000000000000000-0x0000000000000000-0x0000000000000000), size 0, SharedBaseAddress: 0x0000000800000000, ArchiveRelocationMode: 0.
Narrow klass base: 0x0000000000000000, Narrow klass shift: 0, Narrow klass range: 0x0

GC Precious Log:
 CardTable entry size: 512
 Card Set container configuration: InlinePtr #cards 5 size 8 Array Of Cards #cards 12 size 40 Howl #buckets 4 coarsen threshold 1843 Howl Bitmap #cards 512 size 80 coarsen threshold 460 Card regions per heap region 1 cards per card region 2048

Heap:
 garbage-first heap   total 0K, used 0K [0x0000000087200000, 0x0000000100000000)
  region size 1024K, 0 young (0K), 0 survivors (0K)

[error occurred during error reporting (printing heap information), id 0xc0000005, EXCEPTION_ACCESS_VIOLATION (0xc0000005) at pc=0x00007ffbb6f03c59]
GC Heap History (0 events):
No events

Dll operation events (1 events):
Event: 0.011 Loaded shared library C:\Program Files\Java\jdk-20\bin\java.dll

Deoptimization events (0 events):
No events

Classes loaded (0 events):
No events

Classes unloaded (0 events):
No events

Classes redefined (0 events):
No events

Internal exceptions (0 events):
No events

VM Operations (0 events):
No events

Events (0 events):
No events


Dynamic libraries:
0x00007ff757f90000 - 0x00007ff757fa0000 	C:\Program Files\Java\jdk-20\bin\java.exe
0x00007ffbf4890000 - 0x00007ffbf4a88000 	C:\Windows\SYSTEM32\ntdll.dll
0x00007ffbf4790000 - 0x00007ffbf484f000 	C:\Windows\System32\KERNEL32.DLL
0x00007ffbf1f70000 - 0x00007ffbf2266000 	C:\Windows\System32\KERNELBASE.dll
0x00007ffbf2530000 - 0x00007ffbf2630000 	C:\Windows\System32\ucrtbase.dll
0x00007ffbeda80000 - 0x00007ffbeda9b000 	C:\Program Files\Java\jdk-20\bin\VCRUNTIME140.dll
0x00007ffbeda10000 - 0x00007ffbeda29000 	C:\Program Files\Java\jdk-20\bin\jli.dll
0x00007ffbf4080000 - 0x00007ffbf412f000 	C:\Windows\System32\ADVAPI32.dll
0x00007ffbf4130000 - 0x00007ffbf41ce000 	C:\Windows\System32\msvcrt.dll
0x00007ffbf46f0000 - 0x00007ffbf478c000 	C:\Windows\System32\sechost.dll
0x00007ffbf2f80000 - 0x00007ffbf30a6000 	C:\Windows\System32\RPCRT4.dll
0x00007ffbf3d80000 - 0x00007ffbf3f1d000 	C:\Windows\System32\USER32.dll
0x00007ffbe2940000 - 0x00007ffbe2bda000 	C:\Windows\WinSxS\amd64_microsoft.windows.common-controls_6595b64144ccf1df_6.0.19041.1110_none_60b5254171f9507e\COMCTL32.dll
0x00007ffbf2500000 - 0x00007ffbf2522000 	C:\Windows\System32\win32u.dll
0x00007ffbf46c0000 - 0x00007ffbf46ec000 	C:\Windows\System32\GDI32.dll
0x00007ffbf2300000 - 0x00007ffbf2415000 	C:\Windows\System32\gdi32full.dll
0x00007ffbf27e0000 - 0x00007ffbf287d000 	C:\Windows\System32\msvcp_win.dll
0x00007ffbe9f30000 - 0x00007ffbe9f3a000 	C:\Windows\SYSTEM32\VERSION.dll
0x00007ffbf3600000 - 0x00007ffbf3630000 	C:\Windows\System32\IMM32.DLL
0x00007ffbeda70000 - 0x00007ffbeda7c000 	C:\Program Files\Java\jdk-20\bin\vcruntime140_1.dll
0x00007ffbe5100000 - 0x00007ffbe518e000 	C:\Program Files\Java\jdk-20\bin\msvcp140.dll
0x00007ffbb67f0000 - 0x00007ffbb7487000 	C:\Program Files\Java\jdk-20\bin\server\jvm.dll
0x00007ffbedbd0000 - 0x00007ffbedbd9000 	C:\Windows\SYSTEM32\WSOCK32.dll
0x00007ffbe91a0000 - 0x00007ffbe91c7000 	C:\Windows\SYSTEM32\WINMM.dll
0x00007ffbf3fb0000 - 0x00007ffbf401b000 	C:\Windows\System32\WS2_32.dll
0x00007ffbefe10000 - 0x00007ffbefe22000 	C:\Windows\SYSTEM32\kernel.appcore.dll
0x00007ffbeda30000 - 0x00007ffbeda3a000 	C:\Program Files\Java\jdk-20\bin\jimage.dll
0x00007ffbe0840000 - 0x00007ffbe0a24000 	C:\Windows\SYSTEM32\DBGHELP.DLL
0x00007ffbe0760000 - 0x00007ffbe0794000 	C:\Windows\SYSTEM32\dbgcore.DLL
0x00007ffbf2270000 - 0x00007ffbf22f2000 	C:\Windows\System32\bcryptPrimitives.dll
0x00007ffbe55e0000 - 0x00007ffbe5606000 	C:\Program Files\Java\jdk-20\bin\java.dll

dbghelp: loaded successfully - version: 4.0.5 - missing functions: none
symbol engine: initialized successfully - sym options: 0x614 - pdb path: .;C:\Program Files\Java\jdk-20\bin;C:\Windows\SYSTEM32;C:\Windows\WinSxS\amd64_microsoft.windows.common-controls_6595b64144ccf1df_6.0.19041.1110_none_60b5254171f9507e;C:\Program Files\Java\jdk-20\bin\server

VM Arguments:
jvm_args: -Dfile.encoding=UTF-8 --module-path=C:\Users\Lenovo\Documents\NetBeansProjects\Bank Managemant System\build\classes 
java_command: bank.managemant.system.SignupThree
java_class_path (initial): C:\Users\Lenovo\Downloads\jcalendar-tz-1.3.3-4.jar;C:\Users\Lenovo\Downloads\mysql-connector-java-8.0.28.jar;C:\Users\Lenovo\Documents\NetBeansProjects\Bank Managemant System\build\classes
Launcher Type: SUN_STANDARD

[Global flags]
     intx CICompilerCount                          = 4                                         {product} {ergonomic}
     uint ConcGCThreads                            = 2                                         {product} {ergonomic}
     uint G1ConcRefinementThreads                  = 8                                         {product} {ergonomic}
   size_t G1HeapRegionSize                         = 1048576                                   {product} {ergonomic}
    uintx GCDrainStackTargetSize                   = 64                                        {product} {ergonomic}
   size_t InitialHeapSize                          = 127926272                                 {product} {ergonomic}
   size_t MarkStackSize                            = 4194304                                   {product} {ergonomic}
   size_t MaxHeapSize                              = 2027945984                                {product} {ergonomic}
   size_t MinHeapDeltaBytes                        = 1048576                                   {product} {ergonomic}
   size_t MinHeapSize                              = 8388608                                   {product} {ergonomic}
    uintx NonNMethodCodeHeapSize                   = 5839372                                {pd product} {ergonomic}
    uintx NonProfiledCodeHeapSize                  = 122909434                              {pd product} {ergonomic}
    uintx ProfiledCodeHeapSize                     = 122909434                              {pd product} {ergonomic}
    uintx ReservedCodeCacheSize                    = 251658240                              {pd product} {ergonomic}
     bool SegmentedCodeCache                       = true                                      {product} {ergonomic}
   size_t SoftMaxHeapSize                          = 2027945984                             {manageable} {ergonomic}
     bool UseCompressedClassPointers               = true                           {product lp64_product} {ergonomic}
     bool UseCompressedOops                        = true                           {product lp64_product} {ergonomic}
     bool UseG1GC                                  = true                                      {product} {ergonomic}
     bool UseLargePagesIndividualAllocation        = false                                  {pd product} {ergonomic}

Logging:
Log output configuration:
 #0: stdout all=warning uptime,level,tags foldmultilines=false
 #1: stderr all=off uptime,level,tags foldmultilines=false

Environment Variables:
PATH=C:\Program Files\Common Files\Oracle\Java\javapath;C:\ProgramData\Oracle\Java\javapath;C:\Windows\system32;C:\Windows;C:\Windows\System32\Wbem;C:\Windows\System32\WindowsPowerShell\v1.0\;C:\Windows\System32\OpenSSH\;C:\Program Files (x86)\nodejs\;C:\Program Files (x86)\Microsoft SQL Server\150\DTS\Binn\;C:\Program Files\Azure Data Studio\bin;C:\MinGW\bin;C:\Program Files\Git\cmd;C:\Program Files (x86)\Microsoft SQL Server\160\DTS\Binn\;C:\Program Files (x86)\Microsoft SQL Server\160\Tools\Binn\;C:\Program Files\Microsoft SQL Server\160\Tools\Binn\;C:\Program Files\Microsoft SQL Server\Client SDK\ODBC\170\Tools\Binn\;C:\Program Files\Microsoft SQL Server\160\DTS\Binn\;C:\Program Files\MySQL\MySQL Shell 8.0\bin\;C:\Users\Lenovo\AppData\Local\Programs\Python\Python310\Scripts\;C:\Users\Lenovo\AppData\Local\Programs\Python\Python310\;C:\Users\Lenovo\AppData\Local\Microsoft\WindowsApps;C:\Users\Lenovo\AppData\Roaming\npm;C:\Program Files\JetBrains\IntelliJ IDEA Community Edition 2022.2.3\bin;;C:\Program Files\Azure Data Studio\bin;C:\Users\Lenovo\AppData\Local\Programs\Microsoft VS Code\bin;C:\MinGW\bin;;C:\Program Files\JetBrains\PyCharm Community Edition 2022.3.3\bin;
USERNAME=Lenovo
OS=Windows_NT
PROCESSOR_IDENTIFIER=AMD64 Family 23 Model 17 Stepping 0, AuthenticAMD
TMP=C:\Users\Lenovo\AppData\Local\Temp
TEMP=C:\Users\Lenovo\AppData\Local\Temp




---------------  S Y S T E M  ---------------

OS:
 Windows 10 , 64 bit Build 19041 (10.0.19041.3155)
OS uptime: 2 days 1:14 hours

CPU: total 8 (initial active 8) (8 cores per cpu, 2 threads per core) family 23 model 17 stepping 0 microcode 0x0, cx8, cmov, fxsr, ht, mmx, 3dnowpref, sse, sse2, sse3, ssse3, sse4a, sse4.1, sse4.2, popcnt, lzcnt, tsc, tscinvbit, avx, avx2, aes, clmul, bmi1, bmi2, adx, sha, fma, vzeroupper, clflush, clflushopt, rdtscp, f16c

Memory: 4k page, system-wide physical 7734M (240M free)
TotalPageFile size 31286M (AvailPageFile size 38M)
current process WorkingSet (physical memory assigned to process): 10M, peak: 10M
current process commit charge ("private bytes"): 60M, peak: 182M

vm_info: Java HotSpot(TM) 64-Bit Server VM (20.0.1+9-29) for windows-amd64 JRE (20.0.1+9-29), built on 2023-03-07T13:56:11Z by "mach5one" with MS VC++ 17.1 (VS2022)

END.
